<?xml version="1.0" encoding="UTF-8"?>
<!-- Generated by org.testng.reporters.JUnitReportReporter -->
<testsuite hostname="Tariful-Islam" failures="0" tests="1" name="testRunner.TestNGTestRunner" time="27.368" errors="0" timestamp="2022-04-22T09:19:37 BDT" skipped="0">
  <testcase classname="testRunner.TestNGTestRunner" name="runScenario" time="27.368"/>
  <system-out/>
</testsuite> <!-- testRunner.TestNGTestRunner -->
